0 info it worked if it ends with ok
1 verbose cli [ '/usr/local/bin/node',
1 verbose cli   '/usr/local/bin/npm',
1 verbose cli   'install',
1 verbose cli   'gsap@1.18.0',
1 verbose cli   '--save' ]
2 info using npm@2.14.3
3 info using node@v4.1.0
4 verbose install initial load of /Users/liuxin/Desktop/Hello_React/warm_week/9-27/ilovereact/package.json
5 warn package.json ilovereact@1.0.0 No description
6 warn package.json ilovereact@1.0.0 No repository field.
7 warn package.json ilovereact@1.0.0 No README data
8 verbose installManyTop reading scoped package data from /Users/liuxin/Desktop/Hello_React/warm_week/9-27/ilovereact/node_modules/autoprefixer/package.json
9 verbose installManyTop reading scoped package data from /Users/liuxin/Desktop/Hello_React/warm_week/9-27/ilovereact/node_modules/browser-sync/package.json
10 verbose installManyTop reading scoped package data from /Users/liuxin/Desktop/Hello_React/warm_week/9-27/ilovereact/node_modules/normalize.css/package.json
11 verbose installManyTop reading scoped package data from /Users/liuxin/Desktop/Hello_React/warm_week/9-27/ilovereact/node_modules/postcss-cli/package.json
12 verbose installManyTop reading scoped package data from /Users/liuxin/Desktop/Hello_React/warm_week/9-27/ilovereact/node_modules/postcss-import/package.json
13 verbose readDependencies loading dependencies from /Users/liuxin/Desktop/Hello_React/warm_week/9-27/ilovereact/package.json
14 silly cache add args [ 'gsap@1.18.0', null ]
15 verbose cache add spec gsap@1.18.0
16 silly cache add parsed spec Result {
16 silly cache add   raw: 'gsap@1.18.0',
16 silly cache add   scope: null,
16 silly cache add   name: 'gsap',
16 silly cache add   rawSpec: '1.18.0',
16 silly cache add   spec: '1.18.0',
16 silly cache add   type: 'version' }
17 silly addNamed gsap@1.18.0
18 verbose addNamed "1.18.0" is a plain semver version for gsap
19 silly mapToRegistry name gsap
20 silly mapToRegistry using default registry
21 silly mapToRegistry registry https://registry.npm.taobao.org/
22 silly mapToRegistry uri https://registry.npm.taobao.org/gsap
23 verbose addNameVersion registry:https://registry.npm.taobao.org/gsap not in flight; fetching
24 verbose request uri https://registry.npm.taobao.org/gsap
25 verbose request no auth needed
26 info attempt registry request try #1 at 16:28:29
27 verbose request id 21d825dd011bbbe8
28 verbose etag "42b3-X12AyVg+Kj6e9r6pF5Td3g"
29 http request GET https://registry.npm.taobao.org/gsap
30 http 304 https://registry.npm.taobao.org/gsap
31 silly get cb [ 304,
31 silly get   { server: 'nginx/1.1.19',
31 silly get     date: 'Tue, 29 Sep 2015 08:28:32 GMT',
31 silly get     connection: 'keep-alive',
31 silly get     etag: '"42b3-X12AyVg+Kj6e9r6pF5Td3g"',
31 silly get     'x-readtime': '30' } ]
32 verbose etag https://registry.npm.taobao.org/gsap from cache
33 verbose get saving gsap to /Users/liuxin/.npm/registry.npm.taobao.org/gsap/.cache.json
34 silly mapToRegistry name gsap
35 silly mapToRegistry using default registry
36 silly mapToRegistry registry https://registry.npm.taobao.org/
37 silly mapToRegistry uri https://registry.npm.taobao.org/gsap
38 verbose addRemoteTarball https://registry.npm.taobao.org/gsap/download/gsap-1.18.0.tgz not in flight; adding
39 verbose addRemoteTarball [ 'https://registry.npm.taobao.org/gsap/download/gsap-1.18.0.tgz',
39 verbose addRemoteTarball   'cf6a8c4cd38fcf764b16aab746420b2b9856cd82' ]
40 info retry fetch attempt 1 at 16:28:35
41 info attempt registry request try #1 at 16:28:35
42 http fetch GET https://registry.npm.taobao.org/gsap/download/gsap-1.18.0.tgz
43 verbose stack TypeError: Cannot read property 'emit' of null
43 verbose stack     at TLSSocket.connectionErrorHandler (/usr/local/lib/node_modules/npm/node_modules/request/request.js:80:24)
43 verbose stack     at TLSSocket.g (events.js:260:16)
43 verbose stack     at emitOne (events.js:82:20)
43 verbose stack     at TLSSocket.emit (events.js:169:7)
43 verbose stack     at emitErrorNT (net.js:1250:8)
43 verbose stack     at doNTCallback2 (node.js:429:9)
43 verbose stack     at process._tickCallback (node.js:343:17)
44 verbose cwd /Users/liuxin/Desktop/Hello_React/warm_week/9-27/ilovereact
45 error Darwin 14.5.0
46 error argv "/usr/local/bin/node" "/usr/local/bin/npm" "install" "gsap@1.18.0" "--save"
47 error node v4.1.0
48 error npm  v2.14.3
49 error Cannot read property 'emit' of null
50 error If you need help, you may report this error at:
50 error     <https://github.com/npm/npm/issues>
51 verbose exit [ 1, true ]
